  stdafx.cpp
  BinaryData.cpp
  console.cpp
  CRemoteCode.cpp
  CRemoteLoader.cpp
c:\agony\agony\unmanaged\cremoteloader.cpp(1010): warning C4477: 'sprintf_s' : format string '%IX' requires an argument of type 'unsigned int', but variadic argument 1 has type 'ULONGLONG'
  c:\agony\agony\unmanaged\cremoteloader.cpp(1010): note: consider using '%llX' in the format string
  c:\agony\agony\unmanaged\cremoteloader.cpp(1010): note: consider using '%I64X' in the format string
c:\agony\agony\unmanaged\cremoteloader.cpp(1605): warning C4302: 'type cast': truncation from 'LPCCH' to 'WORD'
  exports.cpp
  Injector.cpp
c:\agony\agony\unmanaged\injector.cpp(170): warning C4018: '<': signed/unsigned mismatch
  Unmanaged.cpp
  injection.cpp
  dllmain.cpp
     Creating library C:\agony\Agony\AgonyClient\bin\Release\Resources\Unmanaged.lib and object C:\agony\Agony\AgonyClient\bin\Release\Resources\Unmanaged.exp
  Generating code
  All 942 functions were compiled because no usable IPDB/IOBJ from previous compilation was found.
  Finished generating code
  Unmanaged.vcxproj -> C:\agony\Agony\AgonyClient\bin\Release\Resources\Unmanaged.dll
